Arguments: 
  D:\nodejs\node.exe C:\Program Files (x86)\Yarn\bin\yarn.js install

PATH: 
  C:\Program Files (x86)\Common Files\Oracle\Java\javapath;C:\WINDOWS\system32;C:\WINDOWS;C:\WINDOWS\System32\Wbem;C:\WINDOWS\System32\WindowsPowerShell\v1.0\;C:\WINDOWS\System32\OpenSSH\;D:\php\;D:\softwares\cmake-3.16.4-win64-x64\bin\;D:\MongoDB\Server\4.2\bin\;C:\Program Files (x86)\Intel\Intel(R) Management Engine Components\DAL;C:\Program Files\Intel\Intel(R) Management Engine Components\DAL;C:\Program Files (x86)\NVIDIA Corporation\PhysX\Common;C:\Program Files\NVIDIA Corporation\NVIDIA NvDLISR;C:\Program Files (x86)\Yarn\bin\;C:\ProgramData\chocolatey\bin;C:\WINDOWS\system32;C:\WINDOWS;C:\WINDOWS\System32\Wbem;C:\WINDOWS\System32\WindowsPowerShell\v1.0\;C:\WINDOWS\System32\OpenSSH\;D:\git\Git\cmd;D:\nodejs\;D:\Python\Scripts\;D:\Python\;C:\Users\thaku\AppData\Local\Microsoft\WindowsApps;C:\Users\thaku\AppData\Local\Yarn\bin;D:\heroku\bin;%PyCharm%;;C:\VScode\Microsoft VS Code\bin;C:\Users\thaku\AppData\Roaming\npm

Yarn version: 
  1.22.4

Node version: 
  12.18.1

Platform: 
  win32 x64

Trace: 
  Error: getaddrinfo EAI_AGAIN codeload.github.com
      at GetAddrInfoReqWrap.onlookup [as oncomplete] (dns.js:66:26)

npm manifest: 
  {
    "main": "node_modules/expo/AppEntry.js",
    "scripts": {
      "start": "expo start",
      "android": "expo start --android",
      "ios": "expo start --ios",
      "web": "expo start --web",
      "eject": "expo eject"
    },
    "dependencies": {
      "expo": "~38.0.8",
      "expo-status-bar": "^1.0.2",
      "react": "~16.11.0",
      "react-dom": "~16.11.0",
      "react-native": "https://github.com/expo/react-native/archive/sdk-38.0.1.tar.gz",
      "react-native-web": "~0.11.7"
    },
    "devDependencies": {
      "@babel/core": "^7.8.6",
      "babel-preset-expo": "~8.1.0"
    },
    "private": true
  }

yarn manifest: 
  No manifest

Lockfile: 
  No lockfile
